<?xml version="1.0" encoding="UTF-8"?>
<!-- Generated by org.testng.reporters.JUnitXMLReporter -->
<testsuite ignored="0" hostname="vinod" failures="13" tests="21" name="Test" time="6.416" errors="0" timestamp="2022-10-01T09:16:57 IST">
  <testcase classname="com.restapiexample.testCase.TC002_GetSingleEmployeeRecord" name="checkContentEncoding" time="0.031">
    <failure type="java.lang.AssertionError" message="expected [gzip] but found [null]">
      <![CDATA[java.lang.AssertionError: expected [gzip] but found [null]
at com.restapiexample.testCase.TC002_GetSingleEmployeeRecord.checkContentEncoding(TC002_GetSingleEmployeeRecord.java:81)
at java.base/java.util.ArrayList.forEach(ArrayList.java:1511)
... Removed 33 stack frames]]>
    </failure>
  </testcase> <!-- checkContentEncoding -->
  <testcase classname="com.restapiexample.testCase.TC002_GetSingleEmployeeRecord" name="checkContentLength" time="0.015"/>
  <testcase classname="com.restapiexample.testCase.TC002_GetSingleEmployeeRecord" name="checkContentType" time="0.013"/>
  <testcase classname="com.restapiexample.testCase.TC002_GetSingleEmployeeRecord" name="checkResponseBody" time="0.045">
    <failure type="java.lang.AssertionError" message="expected [true] but found [false]">
      <![CDATA[java.lang.AssertionError: expected [true] but found [false]
at com.restapiexample.testCase.TC002_GetSingleEmployeeRecord.checkResponseBody(TC002_GetSingleEmployeeRecord.java:30)
at java.base/java.util.ArrayList.forEach(ArrayList.java:1511)
... Removed 33 stack frames]]>
    </failure>
  </testcase> <!-- checkResponseBody -->
  <testcase classname="com.restapiexample.testCase.TC002_GetSingleEmployeeRecord" name="checkResponseTime" time="0.013"/>
  <testcase classname="com.restapiexample.testCase.TC002_GetSingleEmployeeRecord" name="checkServerType" time="0.005">
    <failure type="java.lang.AssertionError" message="expected [nginx/1.21.6] but found [null]">
      <![CDATA[java.lang.AssertionError: expected [nginx/1.21.6] but found [null]
at com.restapiexample.testCase.TC002_GetSingleEmployeeRecord.checkServerType(TC002_GetSingleEmployeeRecord.java:73)
at java.base/java.util.ArrayList.forEach(ArrayList.java:1511)
... Removed 33 stack frames]]>
    </failure>
  </testcase> <!-- checkServerType -->
  <testcase classname="com.restapiexample.testCase.TC002_GetSingleEmployeeRecord" name="checkStatusCode" time="0.005">
    <failure type="java.lang.AssertionError" message="expected [true] but found [false]">
      <![CDATA[java.lang.AssertionError: expected [true] but found [false]
at com.restapiexample.testCase.TC002_GetSingleEmployeeRecord.checkStatusCode(TC002_GetSingleEmployeeRecord.java:38)
at java.base/java.util.ArrayList.forEach(ArrayList.java:1511)
... Removed 31 stack frames]]>
    </failure>
  </testcase> <!-- checkStatusCode -->
  <testcase classname="com.restapiexample.testCase.TC002_GetSingleEmployeeRecord" name="checkStatusLine" time="0.01">
    <failure type="java.lang.AssertionError" message="expected [HTTP/1.1 200 OK] but found [HTTP/1.1 404 Not Found]">
      <![CDATA[java.lang.AssertionError: expected [HTTP/1.1 200 OK] but found [HTTP/1.1 404 Not Found]
at com.restapiexample.testCase.TC002_GetSingleEmployeeRecord.checkStatusLine(TC002_GetSingleEmployeeRecord.java:57)
at java.base/java.util.ArrayList.forEach(ArrayList.java:1511)
... Removed 33 stack frames]]>
    </failure>
  </testcase> <!-- checkStatusLine -->
  <testcase classname="com.restapiexample.testCase.TC001_GetAllEmployeeData" name="checkContentEncoding" time="0.004"/>
  <testcase classname="com.restapiexample.testCase.TC001_GetAllEmployeeData" name="checkContentLength" time="0.005">
    <failure type="java.lang.NumberFormatException" message="Cannot parse null string">
      <![CDATA[java.lang.NumberFormatException: Cannot parse null string
at java.base/java.lang.Integer.parseInt(Integer.java:630)
at java.base/java.lang.Integer.parseInt(Integer.java:786)
at com.restapiexample.testCase.TC001_GetAllEmployeeData.checkContentLength(TC001_GetAllEmployeeData.java:91)
at java.base/java.util.ArrayList.forEach(ArrayList.java:1511)
... Removed 27 stack frames]]>
    </failure>
  </testcase> <!-- checkContentLength -->
  <testcase classname="com.restapiexample.testCase.TC001_GetAllEmployeeData" name="checkContentType" time="0.002">
    <failure type="java.lang.AssertionError" message="expected [application/json] but found [text/html; charset=UTF-8]">
      <![CDATA[java.lang.AssertionError: expected [application/json] but found [text/html; charset=UTF-8]
at com.restapiexample.testCase.TC001_GetAllEmployeeData.checkContentType(TC001_GetAllEmployeeData.java:67)
at java.base/java.util.ArrayList.forEach(ArrayList.java:1511)
... Removed 33 stack frames]]>
    </failure>
  </testcase> <!-- checkContentType -->
  <testcase classname="com.restapiexample.testCase.TC001_GetAllEmployeeData" name="checkResponseBody" time="0.024"/>
  <testcase classname="com.restapiexample.testCase.TC001_GetAllEmployeeData" name="checkResponseTime" time="0.003"/>
  <testcase classname="com.restapiexample.testCase.TC001_GetAllEmployeeData" name="checkServerType" time="0.01"/>
  <testcase classname="com.restapiexample.testCase.TC001_GetAllEmployeeData" name="checkStatusCode" time="0.006">
    <failure type="java.lang.AssertionError" message="expected [true] but found [false]">
      <![CDATA[java.lang.AssertionError: expected [true] but found [false]
at com.restapiexample.testCase.TC001_GetAllEmployeeData.checkStatusCode(TC001_GetAllEmployeeData.java:39)
at java.base/java.util.ArrayList.forEach(ArrayList.java:1511)
... Removed 31 stack frames]]>
    </failure>
  </testcase> <!-- checkStatusCode -->
  <testcase classname="com.restapiexample.testCase.TC001_GetAllEmployeeData" name="checkStatusLine" time="0.003">
    <failure type="java.lang.AssertionError" message="expected [HTTP/1.1 200 OK] but found [HTTP/1.1 429 Too Many Requests]">
      <![CDATA[java.lang.AssertionError: expected [HTTP/1.1 200 OK] but found [HTTP/1.1 429 Too Many Requests]
at com.restapiexample.testCase.TC001_GetAllEmployeeData.checkStatusLine(TC001_GetAllEmployeeData.java:59)
at java.base/java.util.ArrayList.forEach(ArrayList.java:1511)
... Removed 33 stack frames]]>
    </failure>
  </testcase> <!-- checkStatusLine -->
  <testcase classname="com.restapiexample.testCase.TC001_GetAllEmployeeData" name="checkingCookies" time="0.003">
    <failure type="java.lang.NullPointerException" message="Cannot invoke &amp;quot;String.length()&amp;quot; because &amp;quot;cookies&amp;quot; is null">
      <![CDATA[java.lang.NullPointerException: Cannot invoke "String.length()" because "cookies" is null
at com.restapiexample.testCase.TC001_GetAllEmployeeData.checkingCookies(TC001_GetAllEmployeeData.java:98)
at java.base/java.util.ArrayList.forEach(ArrayList.java:1511)
... Removed 27 stack frames]]>
    </failure>
  </testcase> <!-- checkingCookies -->
  <testcase classname="com.restapiexample.testCase.TC003_PostEmployeeRecord" name="checkResponsTime" time="0.003"/>
  <testcase classname="com.restapiexample.testCase.TC003_PostEmployeeRecord" name="checkResponseBody" time="0.006">
    <failure type="java.lang.AssertionError" message="expected [true] but found [false]">
      <![CDATA[java.lang.AssertionError: expected [true] but found [false]
at com.restapiexample.testCase.TC003_PostEmployeeRecord.checkResponseBody(TC003_PostEmployeeRecord.java:38)
at java.base/java.util.ArrayList.forEach(ArrayList.java:1511)
... Removed 33 stack frames]]>
    </failure>
  </testcase> <!-- checkResponseBody -->
  <testcase classname="com.restapiexample.testCase.TC003_PostEmployeeRecord" name="checkStatusCode" time="0.011">
    <failure type="java.lang.AssertionError" message="expected [true] but found [false]">
      <![CDATA[java.lang.AssertionError: expected [true] but found [false]
at com.restapiexample.testCase.TC003_PostEmployeeRecord.checkStatusCode(TC003_PostEmployeeRecord.java:46)
at java.base/java.util.ArrayList.forEach(ArrayList.java:1511)
... Removed 31 stack frames]]>
    </failure>
  </testcase> <!-- checkStatusCode -->
  <testcase classname="com.restapiexample.testCase.TC003_PostEmployeeRecord" name="checkStatusLine" time="0.004">
    <failure type="java.lang.AssertionError" message="expected [HTTP/1.1 200 OK] but found [HTTP/1.1 429 Too Many Requests]">
      <![CDATA[java.lang.AssertionError: expected [HTTP/1.1 200 OK] but found [HTTP/1.1 429 Too Many Requests]
at com.restapiexample.testCase.TC003_PostEmployeeRecord.checkStatusLine(TC003_PostEmployeeRecord.java:54)
at java.base/java.util.ArrayList.forEach(ArrayList.java:1511)
... Removed 33 stack frames]]>
    </failure>
  </testcase> <!-- checkStatusLine -->
</testsuite> <!-- Test -->
